[2020-02-23T01:16:49.437Z] starting `/usr/local/heroku/bin/heroku update --autoupdate` from /usr/local/heroku/bin/run --version
waiting until 2020-02-23T02:16:49.421Z to update
waiting until 2020-02-23T02:16:49.421Z to update
waiting until 2020-02-23T02:16:49.421Z to update
waiting until 2020-02-23T02:16:49.421Z to update
waiting until 2020-02-23T02:16:49.421Z to update
waiting until 2020-02-23T02:16:49.421Z to update
waiting until 2020-02-23T02:16:49.421Z to update
waiting until 2020-02-23T02:16:49.421Z to update
waiting until 2020-02-23T02:16:49.421Z to update
waiting until 2020-02-23T02:16:49.421Z to update
waiting until 2020-02-23T02:16:49.421Z to update
waiting until 2020-02-23T02:16:49.421Z to update
waiting until 2020-02-23T02:16:49.421Z to update
waiting until 2020-02-23T02:16:49.421Z to update
waiting until 2020-02-23T02:16:49.421Z to update
waiting until 2020-02-23T02:16:49.421Z to update
waiting until 2020-02-23T02:16:49.421Z to update
waiting until 2020-02-23T02:16:49.421Z to update
waiting until 2020-02-23T02:16:49.421Z to update
waiting until 2020-02-23T02:16:49.421Z to update
waiting until 2020-02-23T02:16:49.421Z to update
waiting until 2020-02-23T02:16:49.421Z to update
waiting until 2020-02-23T02:16:49.421Z to update
waiting until 2020-02-23T02:16:49.421Z to update
waiting until 2020-02-23T02:16:49.421Z to update
waiting until 2020-02-23T02:16:49.421Z to update
waiting until 2020-02-23T02:16:49.421Z to update
waiting until 2020-02-23T02:16:49.421Z to update
waiting until 2020-02-23T02:16:49.421Z to update
waiting until 2020-02-23T02:16:49.421Z to update
waiting until 2020-02-23T02:16:49.421Z to update
waiting until 2020-02-23T02:16:49.421Z to update
waiting until 2020-02-23T02:48:39.351Z to update
waiting until 2020-02-23T02:49:17.971Z to update
waiting until 2020-02-23T02:49:17.971Z to update
waiting until 2020-02-23T02:49:17.971Z to update
waiting until 2020-02-23T02:49:17.971Z to update
waiting until 2020-02-23T02:49:17.971Z to update
waiting until 2020-02-23T02:49:17.971Z to update
waiting until 2020-02-23T02:49:17.971Z to update
waiting until 2020-02-23T02:49:17.971Z to update
waiting until 2020-02-23T02:49:17.971Z to update
waiting until 2020-02-23T02:49:17.971Z to update
waiting until 2020-02-23T02:49:17.971Z to update
waiting until 2020-02-23T02:49:17.971Z to update
waiting until 2020-02-23T02:49:17.971Z to update
waiting until 2020-02-23T02:49:17.971Z to update
waiting until 2020-02-23T02:49:17.971Z to update
waiting until 2020-02-23T02:49:17.971Z to update
waiting until 2020-02-23T02:49:17.971Z to update
waiting until 2020-02-23T02:49:17.971Z to update
waiting until 2020-02-23T02:49:17.971Z to update
waiting until 2020-02-23T02:49:17.971Z to update
waiting until 2020-02-23T02:49:17.971Z to update
waiting until 2020-02-23T02:49:17.971Z to update
waiting until 2020-02-23T02:49:17.971Z to update
waiting until 2020-02-23T02:49:17.971Z to update
waiting until 2020-02-23T02:49:17.971Z to update
waiting until 2020-02-23T02:49:17.971Z to update
waiting until 2020-02-23T02:49:17.971Z to update
waiting until 2020-02-23T02:49:17.971Z to update
waiting until 2020-02-23T02:49:17.971Z to update
waiting until 2020-02-23T02:49:17.971Z to update
waiting until 2020-02-23T02:49:17.971Z to update
waiting until 2020-02-23T02:49:17.971Z to update
waiting until 2020-02-23T02:49:17.971Z to update
waiting until 2020-02-23T02:49:17.971Z to update
waiting until 2020-02-23T02:49:17.971Z to update
waiting until 2020-02-23T02:49:17.971Z to update
waiting until 2020-02-23T02:49:17.971Z to update
waiting until 2020-02-23T02:49:17.971Z to update
waiting until 2020-02-23T02:49:17.971Z to update
waiting until 2020-02-23T02:49:17.971Z to update
waiting until 2020-02-23T02:49:17.971Z to update
waiting until 2020-02-23T02:49:17.971Z to update
waiting until 2020-02-23T02:49:17.971Z to update
waiting until 2020-02-23T02:49:17.971Z to update
waiting until 2020-02-23T02:49:17.971Z to update
waiting until 2020-02-23T02:49:17.971Z to update
waiting until 2020-02-23T02:49:17.971Z to update
waiting until 2020-02-23T02:49:17.971Z to update
waiting until 2020-02-23T02:49:17.971Z to update
waiting until 2020-02-23T02:49:17.971Z to update
waiting until 2020-02-23T02:49:17.971Z to update
waiting until 2020-02-23T02:49:17.971Z to update
waiting until 2020-02-23T02:49:17.971Z to update
waiting until 2020-02-23T02:49:17.971Z to update
waiting until 2020-02-23T02:49:17.971Z to update
waiting until 2020-02-23T02:49:17.971Z to update
waiting until 2020-02-23T02:49:17.971Z to update
waiting until 2020-02-23T02:49:17.971Z to update
waiting until 2020-02-23T02:49:17.971Z to update
waiting until 2020-02-23T02:49:17.971Z to update
time to update
heroku: Updating CLI... already on latest version: 7.38.2
Updating completions...
Updating completions... done
